[2023-10-19 23:25:46,910: INFO: main: welcometo our custom log]
[2023-10-19 23:25:54,889: INFO: main: welcometo our custom log]
[2023-10-19 23:26:00,358: INFO: main: welcome to our custom log]
[2023-10-20 22:49:44,351: INFO: main: welcome to our custom log]
[2023-10-21 02:08:33,706: INFO: common: yaml file: config\config.yaml loaded successfully]
[2023-10-21 02:08:33,709: INFO: common: yaml file: params.yaml loaded successfully]
[2023-10-21 02:08:33,711: INFO: common: created directory at: artifacts]
[2023-10-21 02:08:33,714: INFO: common: created directory at: artifacts/data_ingestion]
[2023-10-21 02:08:33,717: INFO: 986331348: Downloading data from https://drive.google.com/file/d/1HkS6T9uEgz7KBa0ZD83fl9-_VmmQeIbo/view?usp=share_link into file artifacts/data_ingestion/data.zip]
[2023-10-21 02:10:24,757: INFO: 986331348: Downloaded data from https://drive.google.com/file/d/1HkS6T9uEgz7KBa0ZD83fl9-_VmmQeIbo/view?usp=share_link into file artifacts/data_ingestion/data.zip]
[2023-10-21 02:34:33,057: INFO: main: >>>>>> stage Data INgestion Stage started <<<<<<]
[2023-10-21 02:34:33,057: INFO: common: yaml file: config\config.yaml loaded successfully]
[2023-10-21 02:34:33,057: INFO: common: yaml file: params.yaml loaded successfully]
[2023-10-21 02:34:33,057: INFO: common: created directory at: artifacts]
[2023-10-21 02:34:33,065: INFO: common: created directory at: artifacts/data_ingestion]
[2023-10-21 02:34:33,066: ERROR: main: name 'DataIngestion' is not defined]
Traceback (most recent call last):
  File "C:\Kidney-Disease-Classification-Deep-Learning-Project1\main.py", line 10, in <module>
    obj.main()
  File "c:\kidney-disease-classification-deep-learning-project1\src\cnnClassifier\pipeline\stage_01_data_ingestion.py", line 14, in main
    data_ingestion = DataIngestion(config=data_ingestion_config)
                     ^^^^^^^^^^^^^
NameError: name 'DataIngestion' is not defined
[2023-10-21 02:35:14,307: INFO: main: >>>>>> stage Data INgestion Stage started <<<<<<]
[2023-10-21 02:35:14,313: INFO: common: yaml file: config\config.yaml loaded successfully]
[2023-10-21 02:35:14,313: INFO: common: yaml file: params.yaml loaded successfully]
[2023-10-21 02:35:14,313: INFO: common: created directory at: artifacts]
[2023-10-21 02:35:14,313: INFO: common: created directory at: artifacts/data_ingestion]
[2023-10-21 02:35:14,313: ERROR: main: cannot access local variable 'data_ingestion' where it is not associated with a value]
Traceback (most recent call last):
  File "c:\Kidney-Disease-Classification-Deep-Learning-Project1\main.py", line 10, in <module>
    obj.main()
  File "c:\kidney-disease-classification-deep-learning-project1\src\cnnClassifier\pipeline\stage_01_data_ingestion.py", line 14, in main
    data_ingestion = data_ingestion(config=data_ingestion_config)
                     ^^^^^^^^^^^^^^
UnboundLocalError: cannot access local variable 'data_ingestion' where it is not associated with a value
[2023-10-21 02:39:19,779: INFO: main: >>>>>> stage Data INgestion Stage started <<<<<<]
[2023-10-21 02:39:19,779: INFO: common: yaml file: config\config.yaml loaded successfully]
[2023-10-21 02:39:19,784: INFO: common: yaml file: params.yaml loaded successfully]
[2023-10-21 02:39:19,785: INFO: common: created directory at: artifacts]
[2023-10-21 02:39:19,785: INFO: common: created directory at: artifacts/data_ingestion]
[2023-10-21 02:39:19,786: INFO: data_ingestion: Downloading data from https://drive.google.com/file/d/1HkS6T9uEgz7KBa0ZD83fl9-_VmmQeIbo/view?usp=share_link into file artifacts/data_ingestion/data.zip]
[2023-10-21 02:45:15,862: INFO: data_ingestion: Downloaded data from https://drive.google.com/file/d/1HkS6T9uEgz7KBa0ZD83fl9-_VmmQeIbo/view?usp=share_link into file artifacts/data_ingestion/data.zip]
[2023-10-21 02:45:18,284: INFO: main: >>>>>> stage Data INgestion Stage completed <<<<<<

x==========x]
[2023-10-21 12:11:18,358: INFO: common: yaml file: config\config.yaml loaded successfully]
[2023-10-21 12:11:18,373: INFO: common: yaml file: params.yaml loaded successfully]
[2023-10-21 12:11:18,381: INFO: common: created directory at: artifacts]
[2023-10-21 12:37:17,773: INFO: common: yaml file: config\config.yaml loaded successfully]
[2023-10-21 12:37:17,777: INFO: common: yaml file: params.yaml loaded successfully]
[2023-10-21 12:37:17,783: INFO: common: created directory at: artifacts]
[2023-10-21 12:38:15,192: INFO: common: yaml file: config\config.yaml loaded successfully]
[2023-10-21 12:38:15,196: INFO: common: yaml file: params.yaml loaded successfully]
[2023-10-21 12:38:15,204: INFO: common: created directory at: artifacts]
[2023-10-21 12:38:15,204: INFO: common: created directory at: artifacts/prepare_base_model]
[2023-10-21 15:12:07,491: INFO: common: yaml file: config\config.yaml loaded successfully]
[2023-10-21 15:12:07,498: INFO: common: yaml file: params.yaml loaded successfully]
[2023-10-21 15:12:07,498: INFO: common: created directory at: artifacts]
[2023-10-21 15:12:07,498: INFO: common: created directory at: artifacts/prepare_base_model]
[2023-10-21 15:13:41,223: INFO: common: yaml file: config\config.yaml loaded successfully]
[2023-10-21 15:13:41,224: INFO: common: yaml file: params.yaml loaded successfully]
[2023-10-21 15:13:41,229: INFO: common: created directory at: artifacts]
[2023-10-21 15:13:41,229: INFO: common: created directory at: artifacts/prepare_base_model]
[2023-10-21 15:20:53,333: INFO: common: yaml file: config\config.yaml loaded successfully]
[2023-10-21 15:20:53,340: INFO: common: yaml file: params.yaml loaded successfully]
[2023-10-21 15:20:53,340: INFO: common: created directory at: artifacts]
[2023-10-21 15:20:53,348: INFO: common: created directory at: artifacts/prepare_base_model]
[2023-10-21 15:21:27,565: WARNING: saving_utils: Compiled the loaded model, but the compiled metrics have yet to be built. `model.compile_metrics` will be empty until you train or evaluate the model.]
[2023-10-21 15:38:23,348: INFO: main: >>>>>> stage Data INgestion Stage started <<<<<<]
[2023-10-21 15:38:23,356: INFO: common: yaml file: config\config.yaml loaded successfully]
[2023-10-21 15:38:23,356: INFO: common: yaml file: params.yaml loaded successfully]
[2023-10-21 15:38:23,356: INFO: common: created directory at: artifacts]
[2023-10-21 15:38:23,356: INFO: common: created directory at: artifacts/data_ingestion]
[2023-10-21 15:38:23,356: INFO: data_ingestion: Downloading data from https://drive.google.com/file/d/1HkS6T9uEgz7KBa0ZD83fl9-_VmmQeIbo/view?usp=share_link into file artifacts/data_ingestion/data.zip]
[2023-10-21 15:40:14,825: INFO: data_ingestion: Downloaded data from https://drive.google.com/file/d/1HkS6T9uEgz7KBa0ZD83fl9-_VmmQeIbo/view?usp=share_link into file artifacts/data_ingestion/data.zip]
[2023-10-21 15:40:18,550: INFO: main: >>>>>> stage Data INgestion Stage completed <<<<<<

x==========x]
[2023-10-21 15:40:18,550: INFO: main: *******************]
[2023-10-21 15:40:18,565: INFO: main: >>>>>> stage Prepare base model started <<<<<<]
[2023-10-21 15:40:18,565: INFO: common: yaml file: config\config.yaml loaded successfully]
[2023-10-21 15:40:18,565: INFO: common: yaml file: params.yaml loaded successfully]
[2023-10-21 15:40:18,565: INFO: common: created directory at: artifacts]
[2023-10-21 15:40:18,573: INFO: common: created directory at: artifacts/prepare_base_model]
[2023-10-21 15:40:19,225: WARNING: saving_utils: Compiled the loaded model, but the compiled metrics have yet to be built. `model.compile_metrics` will be empty until you train or evaluate the model.]
[2023-10-21 15:40:19,808: INFO: main: >>>>>> stage Prepare base model completed <<<<<<

x==========x]
[2023-10-21 16:24:09,728: INFO: common: yaml file: config\config.yaml loaded successfully]
[2023-10-21 16:24:09,739: INFO: common: yaml file: params.yaml loaded successfully]
[2023-10-21 16:24:09,742: INFO: common: created directory at: artifacts]
[2023-10-21 16:24:09,745: INFO: common: created directory at: artifacts\training]
[2023-10-21 16:40:05,743: INFO: main: >>>>>> stage Data INgestion Stage started <<<<<<]
[2023-10-21 16:40:05,743: INFO: common: yaml file: config\config.yaml loaded successfully]
[2023-10-21 16:40:05,743: INFO: common: yaml file: params.yaml loaded successfully]
[2023-10-21 16:40:05,743: INFO: common: created directory at: artifacts]
[2023-10-21 16:40:05,759: INFO: common: created directory at: artifacts/data_ingestion]
[2023-10-21 16:40:05,760: INFO: data_ingestion: Downloading data from https://drive.google.com/file/d/1HkS6T9uEgz7KBa0ZD83fl9-_VmmQeIbo/view?usp=share_link into file artifacts/data_ingestion/data.zip]
[2023-10-21 16:43:09,000: INFO: data_ingestion: Downloaded data from https://drive.google.com/file/d/1HkS6T9uEgz7KBa0ZD83fl9-_VmmQeIbo/view?usp=share_link into file artifacts/data_ingestion/data.zip]
[2023-10-21 16:43:11,463: INFO: main: >>>>>> stage Data INgestion Stage completed <<<<<<

x==========x]
[2023-10-21 16:43:11,463: INFO: main: *******************]
[2023-10-21 16:43:11,463: INFO: main: >>>>>> stage Prepare base model started <<<<<<]
[2023-10-21 16:43:11,463: INFO: common: yaml file: config\config.yaml loaded successfully]
[2023-10-21 16:43:11,463: INFO: common: yaml file: params.yaml loaded successfully]
[2023-10-21 16:43:11,463: INFO: common: created directory at: artifacts]
[2023-10-21 16:43:11,478: INFO: common: created directory at: artifacts/prepare_base_model]
[2023-10-21 16:43:11,968: WARNING: saving_utils: Compiled the loaded model, but the compiled metrics have yet to be built. `model.compile_metrics` will be empty until you train or evaluate the model.]
[2023-10-21 16:43:12,289: INFO: main: >>>>>> stage Prepare base model completed <<<<<<

x==========x]
[2023-10-21 16:43:12,305: INFO: main: *******************]
[2023-10-21 16:43:12,305: INFO: main: >>>>>> stage Training started <<<<<<]
[2023-10-21 16:43:12,305: INFO: common: yaml file: config\config.yaml loaded successfully]
[2023-10-21 16:43:12,305: INFO: common: yaml file: params.yaml loaded successfully]
[2023-10-21 16:43:12,305: INFO: common: created directory at: artifacts]
[2023-10-21 16:43:12,311: INFO: common: created directory at: artifacts\training]
[2023-10-21 16:45:05,434: INFO: main: >>>>>> stage Training completed <<<<<<

x==========x]
[2023-10-21 21:28:09,560: INFO: common: yaml file: config\config.yaml loaded successfully]
[2023-10-21 21:28:09,583: INFO: common: yaml file: params.yaml loaded successfully]
[2023-10-21 21:28:09,587: INFO: common: created directory at: artifacts]
[2023-10-21 21:29:11,060: INFO: common: json file saved at: scores.json]
[2023-10-21 21:29:30,364: WARNING: save: Found untraced functions such as _jit_compiled_convolution_op, _jit_compiled_convolution_op, _jit_compiled_convolution_op, _jit_compiled_convolution_op, _jit_compiled_convolution_op while saving (showing 5 of 14). These functions will not be directly callable after loading.]
[2023-10-21 21:29:32,292: INFO: builder_impl: Assets written to: C:\Users\adity\AppData\Local\Temp\tmphy5uwfu1\model\data\model\assets]
[2023-10-21 22:00:36,895: INFO: main: >>>>>> stage Data INgestion Stage started <<<<<<]
[2023-10-21 22:00:36,895: INFO: common: yaml file: config\config.yaml loaded successfully]
[2023-10-21 22:00:36,910: INFO: common: yaml file: params.yaml loaded successfully]
[2023-10-21 22:00:36,910: INFO: common: created directory at: artifacts]
[2023-10-21 22:00:36,910: INFO: common: created directory at: artifacts/data_ingestion]
[2023-10-21 22:00:36,915: INFO: data_ingestion: Downloading data from https://drive.google.com/file/d/1HkS6T9uEgz7KBa0ZD83fl9-_VmmQeIbo/view?usp=share_link into file artifacts/data_ingestion/data.zip]
[2023-10-21 22:05:45,684: INFO: data_ingestion: Downloaded data from https://drive.google.com/file/d/1HkS6T9uEgz7KBa0ZD83fl9-_VmmQeIbo/view?usp=share_link into file artifacts/data_ingestion/data.zip]
[2023-10-21 22:05:47,863: INFO: main: >>>>>> stage Data INgestion Stage completed <<<<<<

x==========x]
[2023-10-21 22:05:47,863: INFO: main: *******************]
[2023-10-21 22:05:47,863: INFO: main: >>>>>> stage Prepare base model started <<<<<<]
[2023-10-21 22:05:47,878: INFO: common: yaml file: config\config.yaml loaded successfully]
[2023-10-21 22:05:47,878: INFO: common: yaml file: params.yaml loaded successfully]
[2023-10-21 22:05:47,878: INFO: common: created directory at: artifacts]
[2023-10-21 22:05:47,883: INFO: common: created directory at: artifacts/prepare_base_model]
[2023-10-21 22:05:48,409: WARNING: saving_utils: Compiled the loaded model, but the compiled metrics have yet to be built. `model.compile_metrics` will be empty until you train or evaluate the model.]
[2023-10-21 22:05:48,726: INFO: main: >>>>>> stage Prepare base model completed <<<<<<

x==========x]
[2023-10-21 22:05:48,726: INFO: main: *******************]
[2023-10-21 22:05:48,726: INFO: main: >>>>>> stage Training started <<<<<<]
[2023-10-21 22:05:48,726: INFO: common: yaml file: config\config.yaml loaded successfully]
[2023-10-21 22:05:48,726: INFO: common: yaml file: params.yaml loaded successfully]
[2023-10-21 22:05:48,726: INFO: common: created directory at: artifacts]
[2023-10-21 22:05:48,740: INFO: common: created directory at: artifacts\training]
[2023-10-21 22:07:45,050: INFO: main: >>>>>> stage Training completed <<<<<<

x==========x]
[2023-10-21 22:07:45,050: INFO: main: *******************]
[2023-10-21 22:07:45,050: INFO: main: >>>>>> stage Evaluation stage started <<<<<<]
[2023-10-21 22:07:45,050: INFO: common: yaml file: config\config.yaml loaded successfully]
[2023-10-21 22:07:45,050: INFO: common: yaml file: params.yaml loaded successfully]
[2023-10-21 22:07:45,050: INFO: common: created directory at: artifacts]
[2023-10-21 22:08:19,092: INFO: common: json file saved at: scores.json]
[2023-10-21 22:08:19,092: INFO: common: json file saved at: scores.json]
[2023-10-21 22:08:19,092: INFO: main: >>>>>> stage Evaluation stage completed <<<<<<

x==========x]
[2023-10-21 22:13:49,637: INFO: main: >>>>>> stage Data INgestion Stage started <<<<<<]
[2023-10-21 22:13:49,637: INFO: common: yaml file: config\config.yaml loaded successfully]
[2023-10-21 22:13:49,660: INFO: common: yaml file: params.yaml loaded successfully]
[2023-10-21 22:13:49,660: INFO: common: created directory at: artifacts]
[2023-10-21 22:13:49,660: INFO: common: created directory at: artifacts/data_ingestion]
[2023-10-21 22:13:49,660: INFO: data_ingestion: Downloading data from https://drive.google.com/file/d/1HkS6T9uEgz7KBa0ZD83fl9-_VmmQeIbo/view?usp=share_link into file artifacts/data_ingestion/data.zip]
[2023-10-21 22:32:42,413: INFO: data_ingestion: Downloaded data from https://drive.google.com/file/d/1HkS6T9uEgz7KBa0ZD83fl9-_VmmQeIbo/view?usp=share_link into file artifacts/data_ingestion/data.zip]
[2023-10-21 22:32:44,783: INFO: main: >>>>>> stage Data INgestion Stage completed <<<<<<

x==========x]
[2023-10-21 22:32:44,783: INFO: main: *******************]
[2023-10-21 22:32:44,783: INFO: main: >>>>>> stage Prepare base model started <<<<<<]
[2023-10-21 22:32:44,783: INFO: common: yaml file: config\config.yaml loaded successfully]
[2023-10-21 22:32:44,783: INFO: common: yaml file: params.yaml loaded successfully]
[2023-10-21 22:32:44,783: INFO: common: created directory at: artifacts]
[2023-10-21 22:32:44,783: INFO: common: created directory at: artifacts/prepare_base_model]
[2023-10-21 22:32:45,360: WARNING: saving_utils: Compiled the loaded model, but the compiled metrics have yet to be built. `model.compile_metrics` will be empty until you train or evaluate the model.]
[2023-10-21 22:32:45,778: INFO: main: >>>>>> stage Prepare base model completed <<<<<<

x==========x]
[2023-10-21 22:32:45,778: INFO: main: *******************]
[2023-10-21 22:32:45,778: INFO: main: >>>>>> stage Training started <<<<<<]
[2023-10-21 22:32:45,778: INFO: common: yaml file: config\config.yaml loaded successfully]
[2023-10-21 22:32:45,778: INFO: common: yaml file: params.yaml loaded successfully]
[2023-10-21 22:32:45,778: INFO: common: created directory at: artifacts]
[2023-10-21 22:32:45,778: INFO: common: created directory at: artifacts\training]
[2023-10-21 22:41:57,424: INFO: main: >>>>>> stage Training completed <<<<<<

x==========x]
[2023-10-21 22:41:57,424: INFO: main: *******************]
[2023-10-21 22:41:57,424: INFO: main: >>>>>> stage Evaluation stage started <<<<<<]
[2023-10-21 22:41:57,424: INFO: common: yaml file: config\config.yaml loaded successfully]
[2023-10-21 22:41:57,440: INFO: common: yaml file: params.yaml loaded successfully]
[2023-10-21 22:41:57,440: INFO: common: created directory at: artifacts]
[2023-10-21 22:42:31,710: INFO: common: json file saved at: scores.json]
[2023-10-21 22:42:31,710: INFO: common: json file saved at: scores.json]
[2023-10-21 22:42:31,710: INFO: main: >>>>>> stage Evaluation stage completed <<<<<<

x==========x]
[2023-10-21 23:00:00,358: INFO: stage_01_data_ingestion: >>>>>> stage Data Ingestion Stage started <<<<<<]
[2023-10-21 23:00:00,358: INFO: common: yaml file: config\config.yaml loaded successfully]
[2023-10-21 23:00:00,358: INFO: common: yaml file: params.yaml loaded successfully]
[2023-10-21 23:00:00,358: INFO: common: created directory at: artifacts]
[2023-10-21 23:00:00,358: INFO: common: created directory at: artifacts/data_ingestion]
[2023-10-21 23:00:00,371: INFO: data_ingestion: Downloading data from https://drive.google.com/file/d/1HkS6T9uEgz7KBa0ZD83fl9-_VmmQeIbo/view?usp=share_link into file artifacts/data_ingestion/data.zip]
[2023-10-21 23:03:51,461: INFO: data_ingestion: Downloaded data from https://drive.google.com/file/d/1HkS6T9uEgz7KBa0ZD83fl9-_VmmQeIbo/view?usp=share_link into file artifacts/data_ingestion/data.zip]
[2023-10-21 23:03:53,875: INFO: stage_01_data_ingestion: >>>>>> stage Data Ingestion Stage completed <<<<<<

x==========x]
[2023-10-21 23:04:20,556: INFO: stage_02_prepare_base_model: *******************]
[2023-10-21 23:04:20,556: INFO: stage_02_prepare_base_model: >>>>>> stage Prepare base model started <<<<<<]
[2023-10-21 23:04:20,556: INFO: common: yaml file: config\config.yaml loaded successfully]
[2023-10-21 23:04:20,556: INFO: common: yaml file: params.yaml loaded successfully]
[2023-10-21 23:04:20,556: INFO: common: created directory at: artifacts]
[2023-10-21 23:04:20,556: INFO: common: created directory at: artifacts/prepare_base_model]
[2023-10-21 23:04:21,100: WARNING: saving_utils: Compiled the loaded model, but the compiled metrics have yet to be built. `model.compile_metrics` will be empty until you train or evaluate the model.]
[2023-10-21 23:04:21,570: INFO: stage_02_prepare_base_model: >>>>>> stage Prepare base model completed <<<<<<

x==========x]
[2023-10-21 23:04:28,356: INFO: stage_03_model_training: *******************]
[2023-10-21 23:04:28,356: INFO: stage_03_model_training: >>>>>> stage Training started <<<<<<]
[2023-10-21 23:04:28,356: INFO: common: yaml file: config\config.yaml loaded successfully]
[2023-10-21 23:04:28,356: INFO: common: yaml file: params.yaml loaded successfully]
[2023-10-21 23:04:28,356: INFO: common: created directory at: artifacts]
[2023-10-21 23:04:28,356: INFO: common: created directory at: artifacts\training]
[2023-10-21 23:06:22,256: INFO: stage_03_model_training: >>>>>> stage Training completed <<<<<<

x==========x]
[2023-10-21 23:06:30,898: INFO: stage_04_model_evaluation: *******************]
[2023-10-21 23:06:30,899: INFO: stage_04_model_evaluation: >>>>>> stage Evaluation stage started <<<<<<]
[2023-10-21 23:06:30,901: INFO: common: yaml file: config\config.yaml loaded successfully]
[2023-10-21 23:06:30,903: INFO: common: yaml file: params.yaml loaded successfully]
[2023-10-21 23:06:30,903: INFO: common: created directory at: artifacts]
[2023-10-21 23:07:06,555: INFO: common: json file saved at: scores.json]
[2023-10-21 23:07:06,555: INFO: common: json file saved at: scores.json]
[2023-10-21 23:07:06,555: INFO: stage_04_model_evaluation: >>>>>> stage Evaluation stage completed <<<<<<

x==========x]
[2023-10-21 23:08:46,627: INFO: stage_02_prepare_base_model: *******************]
[2023-10-21 23:08:46,627: INFO: stage_02_prepare_base_model: >>>>>> stage Prepare base model started <<<<<<]
[2023-10-21 23:08:46,627: INFO: common: yaml file: config\config.yaml loaded successfully]
[2023-10-21 23:08:46,627: INFO: common: yaml file: params.yaml loaded successfully]
[2023-10-21 23:08:46,643: INFO: common: created directory at: artifacts]
[2023-10-21 23:08:46,643: INFO: common: created directory at: artifacts/prepare_base_model]
[2023-10-21 23:08:47,106: WARNING: saving_utils: Compiled the loaded model, but the compiled metrics have yet to be built. `model.compile_metrics` will be empty until you train or evaluate the model.]
[2023-10-21 23:08:47,374: INFO: stage_02_prepare_base_model: >>>>>> stage Prepare base model completed <<<<<<

x==========x]
[2023-10-21 23:08:54,358: INFO: stage_03_model_training: *******************]
[2023-10-21 23:08:54,358: INFO: stage_03_model_training: >>>>>> stage Training started <<<<<<]
[2023-10-21 23:08:54,358: INFO: common: yaml file: config\config.yaml loaded successfully]
[2023-10-21 23:08:54,358: INFO: common: yaml file: params.yaml loaded successfully]
[2023-10-21 23:08:54,358: INFO: common: created directory at: artifacts]
[2023-10-21 23:08:54,358: INFO: common: created directory at: artifacts\training]
[2023-10-21 23:08:58,174: ERROR: stage_03_model_training: Graph execution error:

Detected at node 'AssignVariableOp_1' defined at (most recent call last):
    File "C:\Kidney-Disease-Classification-Deep-Learning-Project1\src\cnnClassifier\pipeline\stage_03_model_training.py", line 30, in <module>
      obj.main()
    File "C:\Kidney-Disease-Classification-Deep-Learning-Project1\src\cnnClassifier\pipeline\stage_03_model_training.py", line 21, in main
      training.train()
    File "c:\kidney-disease-classification-deep-learning-project1\src\cnnClassifier\components\model_training.py", line 74, in train
      self.model.fit(
    File "C:\Users\adity\AppData\Local\Programs\Python\Python311\Lib\site-packages\keras\utils\traceback_utils.py", line 65, in error_handler
      return fn(*args, **kwargs)
    File "C:\Users\adity\AppData\Local\Programs\Python\Python311\Lib\site-packages\keras\engine\training.py", line 1685, in fit
      tmp_logs = self.train_function(iterator)
    File "C:\Users\adity\AppData\Local\Programs\Python\Python311\Lib\site-packages\keras\engine\training.py", line 1284, in train_function
      return step_function(self, iterator)
    File "C:\Users\adity\AppData\Local\Programs\Python\Python311\Lib\site-packages\keras\engine\training.py", line 1268, in step_function
      outputs = model.distribute_strategy.run(run_step, args=(data,))
    File "C:\Users\adity\AppData\Local\Programs\Python\Python311\Lib\site-packages\keras\engine\training.py", line 1249, in run_step
      outputs = model.train_step(data)
    File "C:\Users\adity\AppData\Local\Programs\Python\Python311\Lib\site-packages\keras\engine\training.py", line 1054, in train_step
      self.optimizer.minimize(loss, self.trainable_variables, tape=tape)
    File "C:\Users\adity\AppData\Local\Programs\Python\Python311\Lib\site-packages\keras\optimizers\optimizer.py", line 543, in minimize
      self.apply_gradients(grads_and_vars)
    File "C:\Users\adity\AppData\Local\Programs\Python\Python311\Lib\site-packages\keras\optimizers\optimizer.py", line 1174, in apply_gradients
      return super().apply_gradients(grads_and_vars, name=name)
    File "C:\Users\adity\AppData\Local\Programs\Python\Python311\Lib\site-packages\keras\optimizers\optimizer.py", line 650, in apply_gradients
      iteration = self._internal_apply_gradients(grads_and_vars)
    File "C:\Users\adity\AppData\Local\Programs\Python\Python311\Lib\site-packages\keras\optimizers\optimizer.py", line 1200, in _internal_apply_gradients
      return tf.__internal__.distribute.interim.maybe_merge_call(
    File "C:\Users\adity\AppData\Local\Programs\Python\Python311\Lib\site-packages\keras\optimizers\optimizer.py", line 1250, in _distributed_apply_gradients_fn
      distribution.extended.update(
    File "C:\Users\adity\AppData\Local\Programs\Python\Python311\Lib\site-packages\keras\optimizers\optimizer.py", line 1247, in apply_grad_to_update_var
      return self._update_step(grad, var)
    File "C:\Users\adity\AppData\Local\Programs\Python\Python311\Lib\site-packages\keras\optimizers\optimizer.py", line 240, in _update_step
      self.update_step(gradient, variable)
    File "C:\Users\adity\AppData\Local\Programs\Python\Python311\Lib\site-packages\keras\optimizers\sgd.py", line 179, in update_step
      m.assign(-gradient * lr + m * momentum)
Node: 'AssignVariableOp_1'
Trying to assign to variable with tensor with wrong shape. Expected [1] got [2]
	 [[{{node AssignVariableOp_1}}]] [Op:__inference_train_function_881]]
Traceback (most recent call last):
  File "C:\Kidney-Disease-Classification-Deep-Learning-Project1\src\cnnClassifier\pipeline\stage_03_model_training.py", line 30, in <module>
    obj.main()
  File "C:\Kidney-Disease-Classification-Deep-Learning-Project1\src\cnnClassifier\pipeline\stage_03_model_training.py", line 21, in main
    training.train()
  File "c:\kidney-disease-classification-deep-learning-project1\src\cnnClassifier\components\model_training.py", line 74, in train
    self.model.fit(
  File "C:\Users\adity\AppData\Local\Programs\Python\Python311\Lib\site-packages\keras\utils\traceback_utils.py", line 70, in error_handler
    raise e.with_traceback(filtered_tb) from None
  File "C:\Users\adity\AppData\Local\Programs\Python\Python311\Lib\site-packages\tensorflow\python\eager\execute.py", line 58, in quick_execute
    except TypeError as e:
tensorflow.python.framework.errors_impl.InvalidArgumentError: Graph execution error:

Detected at node 'AssignVariableOp_1' defined at (most recent call last):
    File "C:\Kidney-Disease-Classification-Deep-Learning-Project1\src\cnnClassifier\pipeline\stage_03_model_training.py", line 30, in <module>
      obj.main()
    File "C:\Kidney-Disease-Classification-Deep-Learning-Project1\src\cnnClassifier\pipeline\stage_03_model_training.py", line 21, in main
      training.train()
    File "c:\kidney-disease-classification-deep-learning-project1\src\cnnClassifier\components\model_training.py", line 74, in train
      self.model.fit(
    File "C:\Users\adity\AppData\Local\Programs\Python\Python311\Lib\site-packages\keras\utils\traceback_utils.py", line 65, in error_handler
      return fn(*args, **kwargs)
    File "C:\Users\adity\AppData\Local\Programs\Python\Python311\Lib\site-packages\keras\engine\training.py", line 1685, in fit
      tmp_logs = self.train_function(iterator)
    File "C:\Users\adity\AppData\Local\Programs\Python\Python311\Lib\site-packages\keras\engine\training.py", line 1284, in train_function
      return step_function(self, iterator)
    File "C:\Users\adity\AppData\Local\Programs\Python\Python311\Lib\site-packages\keras\engine\training.py", line 1268, in step_function
      outputs = model.distribute_strategy.run(run_step, args=(data,))
    File "C:\Users\adity\AppData\Local\Programs\Python\Python311\Lib\site-packages\keras\engine\training.py", line 1249, in run_step
      outputs = model.train_step(data)
    File "C:\Users\adity\AppData\Local\Programs\Python\Python311\Lib\site-packages\keras\engine\training.py", line 1054, in train_step
      self.optimizer.minimize(loss, self.trainable_variables, tape=tape)
    File "C:\Users\adity\AppData\Local\Programs\Python\Python311\Lib\site-packages\keras\optimizers\optimizer.py", line 543, in minimize
      self.apply_gradients(grads_and_vars)
    File "C:\Users\adity\AppData\Local\Programs\Python\Python311\Lib\site-packages\keras\optimizers\optimizer.py", line 1174, in apply_gradients
      return super().apply_gradients(grads_and_vars, name=name)
    File "C:\Users\adity\AppData\Local\Programs\Python\Python311\Lib\site-packages\keras\optimizers\optimizer.py", line 650, in apply_gradients
      iteration = self._internal_apply_gradients(grads_and_vars)
    File "C:\Users\adity\AppData\Local\Programs\Python\Python311\Lib\site-packages\keras\optimizers\optimizer.py", line 1200, in _internal_apply_gradients
      return tf.__internal__.distribute.interim.maybe_merge_call(
    File "C:\Users\adity\AppData\Local\Programs\Python\Python311\Lib\site-packages\keras\optimizers\optimizer.py", line 1250, in _distributed_apply_gradients_fn
      distribution.extended.update(
    File "C:\Users\adity\AppData\Local\Programs\Python\Python311\Lib\site-packages\keras\optimizers\optimizer.py", line 1247, in apply_grad_to_update_var
      return self._update_step(grad, var)
    File "C:\Users\adity\AppData\Local\Programs\Python\Python311\Lib\site-packages\keras\optimizers\optimizer.py", line 240, in _update_step
      self.update_step(gradient, variable)
    File "C:\Users\adity\AppData\Local\Programs\Python\Python311\Lib\site-packages\keras\optimizers\sgd.py", line 179, in update_step
      m.assign(-gradient * lr + m * momentum)
Node: 'AssignVariableOp_1'
Trying to assign to variable with tensor with wrong shape. Expected [1] got [2]
	 [[{{node AssignVariableOp_1}}]] [Op:__inference_train_function_881]
[2023-10-21 23:12:06,186: INFO: stage_03_model_training: *******************]
[2023-10-21 23:12:06,186: INFO: stage_03_model_training: >>>>>> stage Training started <<<<<<]
[2023-10-21 23:12:06,188: INFO: common: yaml file: config\config.yaml loaded successfully]
[2023-10-21 23:12:06,188: INFO: common: yaml file: params.yaml loaded successfully]
[2023-10-21 23:12:06,188: INFO: common: created directory at: artifacts]
[2023-10-21 23:12:06,188: INFO: common: created directory at: artifacts\training]
[2023-10-21 23:15:47,158: INFO: stage_03_model_training: >>>>>> stage Training completed <<<<<<

x==========x]
[2023-10-21 23:15:56,068: INFO: stage_04_model_evaluation: *******************]
[2023-10-21 23:15:56,068: INFO: stage_04_model_evaluation: >>>>>> stage Evaluation stage started <<<<<<]
[2023-10-21 23:15:56,068: INFO: common: yaml file: config\config.yaml loaded successfully]
[2023-10-21 23:15:56,068: INFO: common: yaml file: params.yaml loaded successfully]
[2023-10-21 23:15:56,068: INFO: common: created directory at: artifacts]
[2023-10-21 23:16:32,196: INFO: common: json file saved at: scores.json]
[2023-10-21 23:16:32,196: INFO: common: json file saved at: scores.json]
[2023-10-21 23:16:32,196: INFO: stage_04_model_evaluation: >>>>>> stage Evaluation stage completed <<<<<<

x==========x]
[2023-10-21 23:45:54,216: INFO: _internal: [31m[1mWARNING: This is a development server. Do not use it in a production deployment. Use a production WSGI server instead.[0m
 * Running on all addresses (0.0.0.0)
 * Running on http://127.0.0.1:8080
 * Running on http://192.168.43.87:8080]
[2023-10-21 23:45:54,217: INFO: _internal: [33mPress CTRL+C to quit[0m]
[2023-10-21 23:46:45,954: INFO: _internal: 192.168.43.87 - - [21/Oct/2023 23:46:45] "GET / HTTP/1.1" 200 -]
[2023-10-21 23:46:46,829: INFO: _internal: 192.168.43.87 - - [21/Oct/2023 23:46:46] "[33mGET /favicon.ico HTTP/1.1[0m" 404 -]
[2023-10-21 23:47:09,337: INFO: _internal: 192.168.43.87 - - [21/Oct/2023 23:47:09] "GET / HTTP/1.1" 200 -]
[2023-10-21 23:47:23,656: INFO: _internal: 127.0.0.1 - - [21/Oct/2023 23:47:23] "GET / HTTP/1.1" 200 -]
[2023-10-21 23:47:24,405: INFO: _internal: 127.0.0.1 - - [21/Oct/2023 23:47:24] "[33mGET /favicon.ico HTTP/1.1[0m" 404 -]
[2023-10-21 23:47:33,231: INFO: _internal: 127.0.0.1 - - [21/Oct/2023 23:47:33] "GET / HTTP/1.1" 200 -]
[2023-10-21 23:47:33,606: INFO: _internal: 127.0.0.1 - - [21/Oct/2023 23:47:33] "GET / HTTP/1.1" 200 -]
[2023-10-21 23:47:33,822: INFO: _internal: 127.0.0.1 - - [21/Oct/2023 23:47:33] "GET / HTTP/1.1" 200 -]
[2023-10-21 23:47:36,231: INFO: _internal: 127.0.0.1 - - [21/Oct/2023 23:47:36] "GET / HTTP/1.1" 200 -]
[2023-10-21 23:47:58,357: INFO: _internal: 127.0.0.1 - - [21/Oct/2023 23:47:58] "GET / HTTP/1.1" 200 -]
[2023-10-21 23:48:04,696: INFO: _internal: 127.0.0.1 - - [21/Oct/2023 23:48:04] "GET / HTTP/1.1" 200 -]
[2023-10-21 23:49:14,125: INFO: _internal: [31m[1mWARNING: This is a development server. Do not use it in a production deployment. Use a production WSGI server instead.[0m
 * Running on all addresses (0.0.0.0)
 * Running on http://127.0.0.1:8080
 * Running on http://192.168.43.87:8080]
[2023-10-21 23:49:14,125: INFO: _internal: [33mPress CTRL+C to quit[0m]
[2023-10-21 23:49:31,741: INFO: _internal: 127.0.0.1 - - [21/Oct/2023 23:49:31] "GET / HTTP/1.1" 200 -]
[2023-10-21 23:49:43,405: INFO: _internal: 127.0.0.1 - - [21/Oct/2023 23:49:43] "GET / HTTP/1.1" 200 -]
[2023-10-21 23:49:58,113: INFO: _internal: 192.168.43.87 - - [21/Oct/2023 23:49:58] "GET / HTTP/1.1" 200 -]
[2023-10-21 23:54:21,208: INFO: _internal: 127.0.0.1 - - [21/Oct/2023 23:54:21] "GET / HTTP/1.1" 200 -]
[2023-10-21 23:54:21,638: INFO: _internal: 127.0.0.1 - - [21/Oct/2023 23:54:21] "[33mGET /favicon.ico HTTP/1.1[0m" 404 -]
[2023-10-21 23:54:29,539: INFO: _internal: 127.0.0.1 - - [21/Oct/2023 23:54:29] "GET / HTTP/1.1" 200 -]
[2023-10-21 23:55:07,167: INFO: _internal: 127.0.0.1 - - [21/Oct/2023 23:55:07] "GET / HTTP/1.1" 200 -]
[2023-10-21 23:55:36,344: INFO: _internal: [31m[1mWARNING: This is a development server. Do not use it in a production deployment. Use a production WSGI server instead.[0m
 * Running on all addresses (0.0.0.0)
 * Running on http://127.0.0.1:8080
 * Running on http://192.168.43.87:8080]
[2023-10-21 23:55:36,344: INFO: _internal: [33mPress CTRL+C to quit[0m]
[2023-10-21 23:55:45,729: INFO: _internal: 127.0.0.1 - - [21/Oct/2023 23:55:45] "GET / HTTP/1.1" 200 -]
[2023-10-21 23:58:01,003: INFO: _internal: 192.168.43.87 - - [21/Oct/2023 23:58:01] "GET / HTTP/1.1" 200 -]
[2023-10-21 23:58:42,079: INFO: _internal: 127.0.0.1 - - [21/Oct/2023 23:58:42] "GET / HTTP/1.1" 200 -]
[2023-10-21 23:58:42,305: INFO: _internal: 127.0.0.1 - - [21/Oct/2023 23:58:42] "[33mGET /favicon.ico HTTP/1.1[0m" 404 -]
[2023-10-21 23:58:54,403: INFO: _internal: 192.168.43.87 - - [21/Oct/2023 23:58:54] "GET / HTTP/1.1" 200 -]
[2023-10-21 23:58:54,523: INFO: _internal: 192.168.43.87 - - [21/Oct/2023 23:58:54] "[33mGET /favicon.ico HTTP/1.1[0m" 404 -]
[2023-10-21 23:59:06,622: INFO: _internal: 127.0.0.1 - - [21/Oct/2023 23:59:06] "GET / HTTP/1.1" 200 -]
[2023-10-21 23:59:17,410: INFO: _internal: 127.0.0.1 - - [21/Oct/2023 23:59:17] "GET / HTTP/1.1" 200 -]
[2023-10-21 23:59:17,521: INFO: _internal: 127.0.0.1 - - [21/Oct/2023 23:59:17] "[33mGET /favicon.ico HTTP/1.1[0m" 404 -]
[2023-10-22 00:01:17,127: INFO: _internal: 127.0.0.1 - - [22/Oct/2023 00:01:17] "GET / HTTP/1.1" 200 -]
[2023-10-22 00:01:52,670: INFO: _internal: [31m[1mWARNING: This is a development server. Do not use it in a production deployment. Use a production WSGI server instead.[0m
 * Running on all addresses (0.0.0.0)
 * Running on http://127.0.0.1:8080
 * Running on http://192.168.43.87:8080]
[2023-10-22 00:01:52,670: INFO: _internal: [33mPress CTRL+C to quit[0m]
[2023-10-22 00:03:26,689: INFO: _internal: 127.0.0.1 - - [22/Oct/2023 00:03:26] "GET / HTTP/1.1" 200 -]
[2023-10-22 00:03:26,735: INFO: _internal: 127.0.0.1 - - [22/Oct/2023 00:03:26] "[33mGET /favicon.ico HTTP/1.1[0m" 404 -]
[2023-10-22 00:03:40,137: INFO: _internal: 127.0.0.1 - - [22/Oct/2023 00:03:40] "GET / HTTP/1.1" 200 -]
[2023-10-22 00:03:42,519: INFO: _internal: 127.0.0.1 - - [22/Oct/2023 00:03:42] "GET / HTTP/1.1" 200 -]
[2023-10-22 00:03:42,666: INFO: _internal: 127.0.0.1 - - [22/Oct/2023 00:03:42] "GET / HTTP/1.1" 200 -]
[2023-10-22 00:03:42,970: INFO: _internal: 127.0.0.1 - - [22/Oct/2023 00:03:42] "GET / HTTP/1.1" 200 -]
[2023-10-22 00:04:03,401: INFO: _internal: 192.168.43.87 - - [22/Oct/2023 00:04:03] "GET / HTTP/1.1" 200 -]
[2023-10-22 00:04:03,487: INFO: _internal: 192.168.43.87 - - [22/Oct/2023 00:04:03] "[33mGET /favicon.ico HTTP/1.1[0m" 404 -]
[2023-10-22 00:04:13,875: INFO: _internal: 127.0.0.1 - - [22/Oct/2023 00:04:13] "GET / HTTP/1.1" 200 -]
[2023-10-22 00:04:13,993: INFO: _internal: 127.0.0.1 - - [22/Oct/2023 00:04:13] "[33mGET /favicon.ico HTTP/1.1[0m" 404 -]
[2023-10-22 00:04:26,984: INFO: _internal: 127.0.0.1 - - [22/Oct/2023 00:04:26] "GET / HTTP/1.1" 200 -]
[2023-10-22 00:07:38,106: INFO: _internal: [31m[1mWARNING: This is a development server. Do not use it in a production deployment. Use a production WSGI server instead.[0m
 * Running on all addresses (0.0.0.0)
 * Running on http://127.0.0.1:8080
 * Running on http://192.168.43.87:8080]
[2023-10-22 00:07:38,106: INFO: _internal: [33mPress CTRL+C to quit[0m]
[2023-10-22 00:07:47,478: INFO: _internal: 192.168.43.87 - - [22/Oct/2023 00:07:47] "GET / HTTP/1.1" 200 -]
[2023-10-22 00:07:59,301: INFO: _internal: 192.168.43.87 - - [22/Oct/2023 00:07:59] "GET / HTTP/1.1" 200 -]
[2023-10-22 00:14:00,500: INFO: _internal: [31m[1mWARNING: This is a development server. Do not use it in a production deployment. Use a production WSGI server instead.[0m
 * Running on all addresses (0.0.0.0)
 * Running on http://127.0.0.1:3000
 * Running on http://192.168.43.87:3000]
[2023-10-22 00:14:00,500: INFO: _internal: [33mPress CTRL+C to quit[0m]
[2023-10-22 00:14:18,732: INFO: _internal: 127.0.0.1 - - [22/Oct/2023 00:14:18] "GET / HTTP/1.1" 200 -]
[2023-10-22 00:14:18,773: INFO: _internal: 127.0.0.1 - - [22/Oct/2023 00:14:18] "[33mGET /favicon.ico HTTP/1.1[0m" 404 -]
[2023-10-22 00:14:26,042: INFO: _internal: 127.0.0.1 - - [22/Oct/2023 00:14:26] "GET / HTTP/1.1" 200 -]
[2023-10-22 00:14:26,782: INFO: _internal: 127.0.0.1 - - [22/Oct/2023 00:14:26] "[33mGET /favicon.ico HTTP/1.1[0m" 404 -]
[2023-10-22 00:14:47,075: INFO: _internal: 192.168.43.87 - - [22/Oct/2023 00:14:47] "GET / HTTP/1.1" 200 -]
[2023-10-22 00:14:47,683: INFO: _internal: 192.168.43.87 - - [22/Oct/2023 00:14:47] "[33mGET /favicon.ico HTTP/1.1[0m" 404 -]
[2023-10-22 00:15:04,856: INFO: _internal: 127.0.0.1 - - [22/Oct/2023 00:15:04] "GET / HTTP/1.1" 200 -]
[2023-10-22 00:15:05,237: INFO: _internal: 127.0.0.1 - - [22/Oct/2023 00:15:05] "[33mGET /favicon.ico HTTP/1.1[0m" 404 -]
[2023-10-22 00:15:13,701: INFO: _internal: 127.0.0.1 - - [22/Oct/2023 00:15:13] "GET / HTTP/1.1" 200 -]
[2023-10-22 00:15:13,732: INFO: _internal: 127.0.0.1 - - [22/Oct/2023 00:15:13] "[33mGET /favicon.ico HTTP/1.1[0m" 404 -]
[2023-10-22 10:59:39,410: INFO: _internal: [31m[1mWARNING: This is a development server. Do not use it in a production deployment. Use a production WSGI server instead.[0m
 * Running on all addresses (0.0.0.0)
 * Running on http://127.0.0.1:8080
 * Running on http://192.168.41.17:8080]
[2023-10-22 10:59:39,411: INFO: _internal: [33mPress CTRL+C to quit[0m]
[2023-10-22 10:59:39,590: INFO: _internal: 127.0.0.1 - - [22/Oct/2023 10:59:39] "GET / HTTP/1.1" 200 -]
[2023-10-22 11:00:04,205: ERROR: app: Exception on /predict [POST]]
Traceback (most recent call last):
  File "C:\Users\adity\AppData\Local\Programs\Python\Python311\Lib\site-packages\flask\app.py", line 2190, in wsgi_app
    response = self.full_dispatch_request()
               ^^^^^^^^^^^^^^^^^^^^^^^^^^^^
  File "C:\Users\adity\AppData\Local\Programs\Python\Python311\Lib\site-packages\flask\app.py", line 1486, in full_dispatch_request
    rv = self.handle_user_exception(e)
         ^^^^^^^^^^^^^^^^^^^^^^^^^^^^^
  File "C:\Users\adity\AppData\Local\Programs\Python\Python311\Lib\site-packages\flask_cors\extension.py", line 176, in wrapped_function
    return cors_after_request(app.make_response(f(*args, **kwargs)))
                                                ^^^^^^^^^^^^^^^^^^
  File "C:\Users\adity\AppData\Local\Programs\Python\Python311\Lib\site-packages\flask\app.py", line 1484, in full_dispatch_request
    rv = self.dispatch_request()
         ^^^^^^^^^^^^^^^^^^^^^^^
  File "C:\Users\adity\AppData\Local\Programs\Python\Python311\Lib\site-packages\flask\app.py", line 1469, in dispatch_request
    return self.ensure_sync(self.view_functions[rule.endpoint])(**view_args)
           ^^^^^^^^^^^^^^^^^^^^^^^^^^^^^^^^^^^^^^^^^^^^^^^^^^^^^^^^^^^^^^^^^
  File "C:\Users\adity\AppData\Local\Programs\Python\Python311\Lib\site-packages\flask_cors\decorator.py", line 130, in wrapped_function
    resp = make_response(f(*args, **kwargs))
                         ^^^^^^^^^^^^^^^^^^
  File "c:\Kidney-Disease-Classification-Deep-Learning-Project1\app.py", line 44, in predictRoute
    result = clApp.classifier.predict()
             ^^^^^^^^^^^^^^^^^^^^^^^^^^
  File "c:\kidney-disease-classification-deep-learning-project1\src\cnnClassifier\pipeline\prediction.py", line 16, in predict
    model = load_model(os.path.join("model", "model.h5"))
            ^^^^^^^^^^^^^^^^^^^^^^^^^^^^^^^^^^^^^^^^^^^^^
  File "C:\Users\adity\AppData\Local\Programs\Python\Python311\Lib\site-packages\keras\saving\saving_api.py", line 212, in load_model
    return legacy_sm_saving_lib.load_model(
           ^^^^^^^^^^^^^^^^^^^^^^^^^^^^^^^^
  File "C:\Users\adity\AppData\Local\Programs\Python\Python311\Lib\site-packages\keras\utils\traceback_utils.py", line 70, in error_handler
    raise e.with_traceback(filtered_tb) from None
  File "C:\Users\adity\AppData\Local\Programs\Python\Python311\Lib\site-packages\keras\saving\legacy\save.py", line 230, in load_model
    raise IOError(
OSError: No file or directory found at model\model.h5
[2023-10-22 11:00:04,248: INFO: _internal: 127.0.0.1 - - [22/Oct/2023 11:00:04] "[35m[1mPOST /predict HTTP/1.1[0m" 500 -]
[2023-10-22 11:04:08,906: INFO: _internal: 127.0.0.1 - - [22/Oct/2023 11:04:08] "GET / HTTP/1.1" 200 -]
[2023-10-22 11:04:54,366: INFO: _internal: [31m[1mWARNING: This is a development server. Do not use it in a production deployment. Use a production WSGI server instead.[0m
 * Running on all addresses (0.0.0.0)
 * Running on http://127.0.0.1:8080
 * Running on http://192.168.41.17:8080]
[2023-10-22 11:04:54,366: INFO: _internal: [33mPress CTRL+C to quit[0m]
[2023-10-22 11:04:56,757: INFO: _internal: 127.0.0.1 - - [22/Oct/2023 11:04:56] "GET / HTTP/1.1" 200 -]
[2023-10-22 11:05:27,201: ERROR: app: Exception on /predict [POST]]
Traceback (most recent call last):
  File "C:\Users\adity\AppData\Local\Programs\Python\Python311\Lib\site-packages\flask\app.py", line 2190, in wsgi_app
    response = self.full_dispatch_request()
               ^^^^^^^^^^^^^^^^^^^^^^^^^^^^
  File "C:\Users\adity\AppData\Local\Programs\Python\Python311\Lib\site-packages\flask\app.py", line 1486, in full_dispatch_request
    rv = self.handle_user_exception(e)
         ^^^^^^^^^^^^^^^^^^^^^^^^^^^^^
  File "C:\Users\adity\AppData\Local\Programs\Python\Python311\Lib\site-packages\flask_cors\extension.py", line 176, in wrapped_function
    return cors_after_request(app.make_response(f(*args, **kwargs)))
                                                ^^^^^^^^^^^^^^^^^^
  File "C:\Users\adity\AppData\Local\Programs\Python\Python311\Lib\site-packages\flask\app.py", line 1484, in full_dispatch_request
    rv = self.dispatch_request()
         ^^^^^^^^^^^^^^^^^^^^^^^
  File "C:\Users\adity\AppData\Local\Programs\Python\Python311\Lib\site-packages\flask\app.py", line 1469, in dispatch_request
    return self.ensure_sync(self.view_functions[rule.endpoint])(**view_args)
           ^^^^^^^^^^^^^^^^^^^^^^^^^^^^^^^^^^^^^^^^^^^^^^^^^^^^^^^^^^^^^^^^^
  File "C:\Users\adity\AppData\Local\Programs\Python\Python311\Lib\site-packages\flask_cors\decorator.py", line 130, in wrapped_function
    resp = make_response(f(*args, **kwargs))
                         ^^^^^^^^^^^^^^^^^^
  File "c:\Kidney-Disease-Classification-Deep-Learning-Project1\app.py", line 44, in predictRoute
    result = clApp.classifier.predict()
             ^^^^^^^^^^^^^^^^^^^^^^^^^^
  File "c:\kidney-disease-classification-deep-learning-project1\src\cnnClassifier\pipeline\prediction.py", line 16, in predict
    model = load_model(os.path.join("model", "model.h5"))
            ^^^^^^^^^^^^^^^^^^^^^^^^^^^^^^^^^^^^^^^^^^^^^
  File "C:\Users\adity\AppData\Local\Programs\Python\Python311\Lib\site-packages\keras\saving\saving_api.py", line 212, in load_model
    return legacy_sm_saving_lib.load_model(
           ^^^^^^^^^^^^^^^^^^^^^^^^^^^^^^^^
  File "C:\Users\adity\AppData\Local\Programs\Python\Python311\Lib\site-packages\keras\utils\traceback_utils.py", line 70, in error_handler
    raise e.with_traceback(filtered_tb) from None
  File "C:\Users\adity\AppData\Local\Programs\Python\Python311\Lib\site-packages\keras\saving\legacy\save.py", line 230, in load_model
    raise IOError(
OSError: No file or directory found at model\model.h5
[2023-10-22 11:05:27,214: INFO: _internal: 127.0.0.1 - - [22/Oct/2023 11:05:27] "[35m[1mPOST /predict HTTP/1.1[0m" 500 -]
[2023-10-22 11:11:14,780: INFO: _internal: 127.0.0.1 - - [22/Oct/2023 11:11:14] "GET / HTTP/1.1" 200 -]
